This file contains any messages produced by compilers while
running configure, to aid debugging if configure makes a mistake.

It was created by bluez configure 5.11, which was
generated by GNU Autoconf 2.69.  Invocation command line was

  $ ./configure --disable-systemd

## --------- ##
## Platform. ##
## --------- ##

hostname = LunzPi
uname -m = armv7l
uname -r = 3.18.7-v7+
uname -s = Linux
uname -v = #755 SMP PREEMPT Thu Feb 12 17:20:48 GMT 2015

/usr/bin/uname -p = unknown
/bin/uname -X     = unknown

/bin/arch              = unknown
/usr/bin/arch -k       = unknown
/usr/convex/getsysinfo = unknown
/usr/bin/hostinfo      = unknown
/bin/machine           = unknown
/usr/bin/oslevel       = unknown
/bin/universe          = unknown

PATH: /usr/local/sbin
PATH: /usr/local/bin
PATH: /usr/sbin
PATH: /usr/bin
PATH: /sbin
PATH: /bin


## ----------- ##
## Core tests. ##
## ----------- ##

configure:2377: checking for a BSD-compatible install
configure:2445: result: /usr/bin/install -c
configure:2456: checking whether build environment is sane
configure:2506: result: yes
configure:2647: checking for a thread-safe mkdir -p
configure:2686: result: /bin/mkdir -p
configure:2699: checking for gawk
configure:2729: result: no
configure:2699: checking for mawk
configure:2715: found /usr/bin/mawk
configure:2726: result: mawk
configure:2737: checking whether make sets $(MAKE)
configure:2759: result: yes
configure:2788: checking whether make supports nested variables
configure:2805: result: yes
configure:2873: checking how to create a pax tar archive
configure:2886: tar --version
tar (GNU tar) 1.26
Copyright (C) 2011 Free Software Foundation, Inc.
License GPLv3+: GNU GPL version 3 or later <http://gnu.org/licenses/gpl.html>.
This is free software: you are free to change and redistribute it.
There is NO WARRANTY, to the extent permitted by law.

Written by John Gilmore and Jay Fenlason.
configure:2889: $? = 0
configure:2929: tardir=conftest.dir && eval tar --format=posix -chf - "$tardir" >conftest.tar
configure:2932: $? = 0
configure:2936: tar -xf - <conftest.tar
configure:2939: $? = 0
configure:2952: result: gnutar
configure:2973: checking for style of include used by make
configure:3001: result: GNU
configure:3072: checking for gcc
configure:3088: found /usr/bin/gcc
configure:3099: result: gcc
configure:3328: checking for C compiler version
configure:3337: gcc --version >&5
gcc (Debian 4.6.3-14+rpi1) 4.6.3
Copyright (C) 2011 Free Software Foundation, Inc.
This is free software; see the source for copying conditions.  There is NO
warranty; not even for MERCHANTABILITY or FITNESS FOR A PARTICULAR PURPOSE.

configure:3348: $? = 0
configure:3337: gcc -v >&5
Using built-in specs.
COLLECT_GCC=gcc
COLLECT_LTO_WRAPPER=/usr/lib/gcc/arm-linux-gnueabihf/4.6/lto-wrapper
Target: arm-linux-gnueabihf
Configured with: ../src/configure -v --with-pkgversion='Debian 4.6.3-14+rpi1' --with-bugurl=file:///usr/share/doc/gcc-4.6/README.Bugs --enable-languages=c,c++,fortran,objc,obj-c++ --prefix=/usr --program-suffix=-4.6 --enable-shared --enable-linker-build-id --with-system-zlib --libexecdir=/usr/lib --without-included-gettext --enable-threads=posix --with-gxx-include-dir=/usr/include/c++/4.6 --libdir=/usr/lib --enable-nls --with-sysroot=/ --enable-clocale=gnu --enable-libstdcxx-debug --enable-libstdcxx-time=yes --enable-gnu-unique-object --enable-plugin --enable-objc-gc --disable-sjlj-exceptions --with-arch=armv6 --with-fpu=vfp --with-float=hard --enable-checking=release --build=arm-linux-gnueabihf --host=arm-linux-gnueabihf --target=arm-linux-gnueabihf
Thread model: posix
gcc version 4.6.3 (Debian 4.6.3-14+rpi1) 
configure:3348: $? = 0
configure:3337: gcc -V >&5
gcc: error: unrecognized option '-V'
gcc: fatal error: no input files
compilation terminated.
configure:3348: $? = 4
configure:3337: gcc -qversion >&5
gcc: error: unrecognized option '-qversion'
gcc: fatal error: no input files
compilation terminated.
configure:3348: $? = 4
configure:3368: checking whether the C compiler works
configure:3390: gcc    conftest.c  >&5
configure:3394: $? = 0
configure:3442: result: yes
configure:3445: checking for C compiler default output file name
configure:3447: result: a.out
configure:3453: checking for suffix of executables
configure:3460: gcc -o conftest    conftest.c  >&5
configure:3464: $? = 0
configure:3486: result: 
configure:3508: checking whether we are cross compiling
configure:3516: gcc -o conftest    conftest.c  >&5
configure:3520: $? = 0
configure:3527: ./conftest
configure:3531: $? = 0
configure:3546: result: no
configure:3551: checking for suffix of object files
configure:3573: gcc -c   conftest.c >&5
configure:3577: $? = 0
configure:3598: result: o
configure:3602: checking whether we are using the GNU C compiler
configure:3621: gcc -c   conftest.c >&5
configure:3621: $? = 0
configure:3630: result: yes
configure:3639: checking whether gcc accepts -g
configure:3659: gcc -c -g  conftest.c >&5
configure:3659: $? = 0
configure:3700: result: yes
configure:3717: checking for gcc option to accept ISO C89
configure:3780: gcc  -c -g -O2  conftest.c >&5
configure:3780: $? = 0
configure:3793: result: none needed
configure:3815: checking dependency style of gcc
configure:3926: result: gcc3
configure:3947: checking how to run the C preprocessor
configure:3978: gcc -E  conftest.c
configure:3978: $? = 0
configure:3992: gcc -E  conftest.c
conftest.c:11:28: fatal error: ac_nonexistent.h: No such file or directory
compilation terminated.
configure:3992: $? = 1
configure: failed program was:
| /* confdefs.h */
| #define PACKAGE_NAME "bluez"
| #define PACKAGE_TARNAME "bluez"
| #define PACKAGE_VERSION "5.11"
| #define PACKAGE_STRING "bluez 5.11"
| #define PACKAGE_BUGREPORT ""
| #define PACKAGE_URL ""
| #define PACKAGE "bluez"
| #define VERSION "5.11"
| /* end confdefs.h.  */
| #include <ac_nonexistent.h>
configure:4017: result: gcc -E
configure:4037: gcc -E  conftest.c
configure:4037: $? = 0
configure:4051: gcc -E  conftest.c
conftest.c:11:28: fatal error: ac_nonexistent.h: No such file or directory
compilation terminated.
configure:4051: $? = 1
configure: failed program was:
| /* confdefs.h */
| #define PACKAGE_NAME "bluez"
| #define PACKAGE_TARNAME "bluez"
| #define PACKAGE_VERSION "5.11"
| #define PACKAGE_STRING "bluez 5.11"
| #define PACKAGE_BUGREPORT ""
| #define PACKAGE_URL ""
| #define PACKAGE "bluez"
| #define VERSION "5.11"
| /* end confdefs.h.  */
| #include <ac_nonexistent.h>
configure:4080: checking for grep that handles long lines and -e
configure:4138: result: /bin/grep
configure:4143: checking for egrep
configure:4205: result: /bin/grep -E
configure:4210: checking for ANSI C header files
configure:4230: gcc -c -g -O2  conftest.c >&5
configure:4230: $? = 0
configure:4303: gcc -o conftest -g -O2   conftest.c  >&5
configure:4303: $? = 0
configure:4303: ./conftest
configure:4303: $? = 0
configure:4314: result: yes
configure:4327: checking for sys/types.h
configure:4327: gcc -c -g -O2  conftest.c >&5
configure:4327: $? = 0
configure:4327: result: yes
configure:4327: checking for sys/stat.h
configure:4327: gcc -c -g -O2  conftest.c >&5
configure:4327: $? = 0
configure:4327: result: yes
configure:4327: checking for stdlib.h
configure:4327: gcc -c -g -O2  conftest.c >&5
configure:4327: $? = 0
configure:4327: result: yes
configure:4327: checking for string.h
configure:4327: gcc -c -g -O2  conftest.c >&5
configure:4327: $? = 0
configure:4327: result: yes
configure:4327: checking for memory.h
configure:4327: gcc -c -g -O2  conftest.c >&5
configure:4327: $? = 0
configure:4327: result: yes
configure:4327: checking for strings.h
configure:4327: gcc -c -g -O2  conftest.c >&5
configure:4327: $? = 0
configure:4327: result: yes
configure:4327: checking for inttypes.h
configure:4327: gcc -c -g -O2  conftest.c >&5
configure:4327: $? = 0
configure:4327: result: yes
configure:4327: checking for stdint.h
configure:4327: gcc -c -g -O2  conftest.c >&5
configure:4327: $? = 0
configure:4327: result: yes
configure:4327: checking for unistd.h
configure:4327: gcc -c -g -O2  conftest.c >&5
configure:4327: $? = 0
configure:4327: result: yes
configure:4340: checking minix/config.h usability
configure:4340: gcc -c -g -O2  conftest.c >&5
conftest.c:54:26: fatal error: minix/config.h: No such file or directory
compilation terminated.
configure:4340: $? = 1
configure: failed program was:
| /* confdefs.h */
| #define PACKAGE_NAME "bluez"
| #define PACKAGE_TARNAME "bluez"
| #define PACKAGE_VERSION "5.11"
| #define PACKAGE_STRING "bluez 5.11"
| #define PACKAGE_BUGREPORT ""
| #define PACKAGE_URL ""
| #define PACKAGE "bluez"
| #define VERSION "5.11"
| #define STDC_HEADERS 1
| #define HAVE_SYS_TYPES_H 1
| #define HAVE_SYS_STAT_H 1
| #define HAVE_STDLIB_H 1
| #define HAVE_STRING_H 1
| #define HAVE_MEMORY_H 1
| #define HAVE_STRINGS_H 1
| #define HAVE_INTTYPES_H 1
| #define HAVE_STDINT_H 1
| #define HAVE_UNISTD_H 1
| /* end confdefs.h.  */
| #include <stdio.h>
| #ifdef HAVE_SYS_TYPES_H
| # include <sys/types.h>
| #endif
| #ifdef HAVE_SYS_STAT_H
| # include <sys/stat.h>
| #endif
| #ifdef STDC_HEADERS
| # include <stdlib.h>
| # include <stddef.h>
| #else
| # ifdef HAVE_STDLIB_H
| #  include <stdlib.h>
| # endif
| #endif
| #ifdef HAVE_STRING_H
| # if !defined STDC_HEADERS && defined HAVE_MEMORY_H
| #  include <memory.h>
| # endif
| # include <string.h>
| #endif
| #ifdef HAVE_STRINGS_H
| # include <strings.h>
| #endif
| #ifdef HAVE_INTTYPES_H
| # include <inttypes.h>
| #endif
| #ifdef HAVE_STDINT_H
| # include <stdint.h>
| #endif
| #ifdef HAVE_UNISTD_H
| # include <unistd.h>
| #endif
| #include <minix/config.h>
configure:4340: result: no
configure:4340: checking minix/config.h presence
configure:4340: gcc -E  conftest.c
conftest.c:21:26: fatal error: minix/config.h: No such file or directory
compilation terminated.
configure:4340: $? = 1
configure: failed program was:
| /* confdefs.h */
| #define PACKAGE_NAME "bluez"
| #define PACKAGE_TARNAME "bluez"
| #define PACKAGE_VERSION "5.11"
| #define PACKAGE_STRING "bluez 5.11"
| #define PACKAGE_BUGREPORT ""
| #define PACKAGE_URL ""
| #define PACKAGE "bluez"
| #define VERSION "5.11"
| #define STDC_HEADERS 1
| #define HAVE_SYS_TYPES_H 1
| #define HAVE_SYS_STAT_H 1
| #define HAVE_STDLIB_H 1
| #define HAVE_STRING_H 1
| #define HAVE_MEMORY_H 1
| #define HAVE_STRINGS_H 1
| #define HAVE_INTTYPES_H 1
| #define HAVE_STDINT_H 1
| #define HAVE_UNISTD_H 1
| /* end confdefs.h.  */
| #include <minix/config.h>
configure:4340: result: no
configure:4340: checking for minix/config.h
configure:4340: result: no
configure:4361: checking whether it is safe to define __EXTENSIONS__
configure:4379: gcc -c -g -O2  conftest.c >&5
configure:4379: $? = 0
configure:4386: result: yes
configure:4412: checking whether make supports nested variables
configure:4429: result: yes
configure:4442: checking whether to enable maintainer-specific portions of Makefiles
configure:4451: result: no
configure:4521: checking for pkg-config
configure:4539: found /usr/bin/pkg-config
configure:4551: result: /usr/bin/pkg-config
configure:4576: checking pkg-config is at least version 0.9.0
configure:4579: result: yes
configure:4611: checking for C/C++ restrict keyword
configure:4636: gcc -c -g -O2  conftest.c >&5
configure:4636: $? = 0
configure:4644: result: __restrict
configure:4706: checking for gcc
configure:4733: result: gcc
configure:4962: checking for C compiler version
configure:4971: gcc --version >&5
gcc (Debian 4.6.3-14+rpi1) 4.6.3
Copyright (C) 2011 Free Software Foundation, Inc.
This is free software; see the source for copying conditions.  There is NO
warranty; not even for MERCHANTABILITY or FITNESS FOR A PARTICULAR PURPOSE.

configure:4982: $? = 0
configure:4971: gcc -v >&5
Using built-in specs.
COLLECT_GCC=gcc
COLLECT_LTO_WRAPPER=/usr/lib/gcc/arm-linux-gnueabihf/4.6/lto-wrapper
Target: arm-linux-gnueabihf
Configured with: ../src/configure -v --with-pkgversion='Debian 4.6.3-14+rpi1' --with-bugurl=file:///usr/share/doc/gcc-4.6/README.Bugs --enable-languages=c,c++,fortran,objc,obj-c++ --prefix=/usr --program-suffix=-4.6 --enable-shared --enable-linker-build-id --with-system-zlib --libexecdir=/usr/lib --without-included-gettext --enable-threads=posix --with-gxx-include-dir=/usr/include/c++/4.6 --libdir=/usr/lib --enable-nls --with-sysroot=/ --enable-clocale=gnu --enable-libstdcxx-debug --enable-libstdcxx-time=yes --enable-gnu-unique-object --enable-plugin --enable-objc-gc --disable-sjlj-exceptions --with-arch=armv6 --with-fpu=vfp --with-float=hard --enable-checking=release --build=arm-linux-gnueabihf --host=arm-linux-gnueabihf --target=arm-linux-gnueabihf
Thread model: posix
gcc version 4.6.3 (Debian 4.6.3-14+rpi1) 
configure:4982: $? = 0
configure:4971: gcc -V >&5
gcc: error: unrecognized option '-V'
gcc: fatal error: no input files
compilation terminated.
configure:4982: $? = 4
configure:4971: gcc -qversion >&5
gcc: error: unrecognized option '-qversion'
gcc: fatal error: no input files
compilation terminated.
configure:4982: $? = 4
configure:4986: checking whether we are using the GNU C compiler
configure:5014: result: yes
configure:5023: checking whether gcc accepts -g
configure:5084: result: yes
configure:5101: checking for gcc option to accept ISO C89
configure:5177: result: none needed
configure:5199: checking dependency style of gcc
configure:5310: result: gcc3
configure:5326: checking whether gcc and cc understand -c and -o together
configure:5357: gcc -c conftest.c -o conftest2.o >&5
configure:5361: $? = 0
configure:5367: gcc -c conftest.c -o conftest2.o >&5
configure:5371: $? = 0
configure:5382: cc -c conftest.c >&5
configure:5386: $? = 0
configure:5394: cc -c conftest.c -o conftest2.o >&5
configure:5398: $? = 0
configure:5404: cc -c conftest.c -o conftest2.o >&5
configure:5408: $? = 0
configure:5426: result: yes
configure:5452: checking whether gcc accepts -fPIE
configure:5467: result: yes
configure:5536: checking build system type
configure:5550: result: armv7l-unknown-linux-gnueabihf
configure:5570: checking host system type
configure:5583: result: armv7l-unknown-linux-gnueabihf
configure:5624: checking how to print strings
configure:5651: result: printf
configure:5672: checking for a sed that does not truncate output
configure:5736: result: /bin/sed
configure:5754: checking for fgrep
configure:5816: result: /bin/grep -F
configure:5851: checking for ld used by gcc
configure:5918: result: /usr/bin/ld
configure:5925: checking if the linker (/usr/bin/ld) is GNU ld
configure:5940: result: yes
configure:5952: checking for BSD- or MS-compatible name lister (nm)
configure:6001: result: /usr/bin/nm -B
configure:6131: checking the name lister (/usr/bin/nm -B) interface
configure:6138: gcc -c -g -O2  conftest.c >&5
configure:6141: /usr/bin/nm -B "conftest.o"
configure:6144: output
00000000 B some_variable
configure:6151: result: BSD nm
configure:6154: checking whether ln -s works
configure:6158: result: yes
configure:6166: checking the maximum length of command line arguments
configure:6296: result: 1572864
configure:6313: checking whether the shell understands some XSI constructs
configure:6323: result: yes
configure:6327: checking whether the shell understands "+="
configure:6333: result: yes
configure:6368: checking how to convert armv7l-unknown-linux-gnueabihf file names to armv7l-unknown-linux-gnueabihf format
configure:6408: result: func_convert_file_noop
configure:6415: checking how to convert armv7l-unknown-linux-gnueabihf file names to toolchain format
configure:6435: result: func_convert_file_noop
configure:6442: checking for /usr/bin/ld option to reload object files
configure:6449: result: -r
configure:6523: checking for objdump
configure:6539: found /usr/bin/objdump
configure:6550: result: objdump
configure:6582: checking how to recognize dependent libraries
configure:6780: result: pass_all
configure:6865: checking for dlltool
configure:6895: result: no
configure:6925: checking how to associate runtime and link libraries
configure:6952: result: printf %s\n
configure:7012: checking for ar
configure:7028: found /usr/bin/ar
configure:7039: result: ar
configure:7076: checking for archiver @FILE support
configure:7093: gcc -c -g -O2  conftest.c >&5
configure:7093: $? = 0
configure:7096: ar cru libconftest.a @conftest.lst >&5
configure:7099: $? = 0
configure:7104: ar cru libconftest.a @conftest.lst >&5
ar: conftest.o: No such file or directory
configure:7107: $? = 1
configure:7119: result: @
configure:7177: checking for strip
configure:7193: found /usr/bin/strip
configure:7204: result: strip
configure:7276: checking for ranlib
configure:7292: found /usr/bin/ranlib
configure:7303: result: ranlib
configure:7405: checking command to parse /usr/bin/nm -B output from gcc object
configure:7525: gcc -c -g -O2  conftest.c >&5
configure:7528: $? = 0
configure:7532: /usr/bin/nm -B conftest.o \| sed -n -e 's/^.*[ ]\([ABCDGIRSTW][ABCDGIRSTW]*\)[ ][ ]*\([_A-Za-z][_A-Za-z0-9]*\)$/\1 \2 \2/p' | sed '/ __gnu_lto/d' \> conftest.nm
configure:7535: $? = 0
configure:7601: gcc -o conftest -g -O2   conftest.c conftstm.o >&5
configure:7604: $? = 0
configure:7642: result: ok
configure:7679: checking for sysroot
configure:7709: result: no
configure:7965: checking for mt
configure:7981: found /bin/mt
configure:7992: result: mt
configure:8015: checking if mt is a manifest tool
configure:8021: mt '-?'
configure:8029: result: no
configure:8668: checking for dlfcn.h
configure:8668: gcc -c -g -O2  conftest.c >&5
configure:8668: $? = 0
configure:8668: result: yes
configure:8844: checking for objdir
configure:8859: result: .libs
configure:9126: checking if gcc supports -fno-rtti -fno-exceptions
configure:9144: gcc -c -g -O2  -fno-rtti -fno-exceptions conftest.c >&5
cc1: warning: command line option '-fno-rtti' is valid for C++/ObjC++ but not for C [enabled by default]
configure:9148: $? = 0
configure:9161: result: no
configure:9488: checking for gcc option to produce PIC
configure:9495: result: -fPIC -DPIC
configure:9503: checking if gcc PIC flag -fPIC -DPIC works
configure:9521: gcc -c -g -O2  -fPIC -DPIC -DPIC conftest.c >&5
configure:9525: $? = 0
configure:9538: result: yes
configure:9567: checking if gcc static flag -static works
configure:9595: result: yes
configure:9610: checking if gcc supports -c -o file.o
configure:9631: gcc -c -g -O2  -o out/conftest2.o conftest.c >&5
configure:9635: $? = 0
configure:9657: result: yes
configure:9665: checking if gcc supports -c -o file.o
configure:9712: result: yes
configure:9745: checking whether the gcc linker (/usr/bin/ld) supports shared libraries
configure:10902: result: yes
configure:10939: checking whether -lc should be explicitly linked in
configure:10947: gcc -c -g -O2  conftest.c >&5
configure:10950: $? = 0
configure:10965: gcc -shared  -fPIC -DPIC conftest.o  -v -Wl,-soname -Wl,conftest -o conftest 2\>\&1 \| /bin/grep  -lc  \>/dev/null 2\>\&1
configure:10968: $? = 0
configure:10982: result: no
configure:11142: checking dynamic linker characteristics
configure:11642: gcc -o conftest -g -O2   -Wl,-rpath -Wl,/foo conftest.c  >&5
configure:11642: $? = 0
configure:11876: result: GNU/Linux ld.so
configure:11983: checking how to hardcode library paths into programs
configure:12008: result: immediate
configure:12548: checking whether stripping libraries is possible
configure:12553: result: yes
configure:12588: checking if libtool supports shared libraries
configure:12590: result: yes
configure:12593: checking whether to build shared libraries
configure:12614: result: yes
configure:12617: checking whether to build static libraries
configure:12621: result: no
configure:12704: checking for signalfd
configure:12704: gcc -o conftest -g -O2   conftest.c  >&5
configure:12704: $? = 0
configure:12704: result: yes
configure:12712: checking for clock_gettime in -lrt
configure:12737: gcc -o conftest -g -O2   conftest.c -lrt   >&5
configure:12737: $? = 0
configure:12746: result: yes
configure:12755: checking for pthread_create in -lpthread
configure:12780: gcc -o conftest -g -O2   conftest.c -lpthread   >&5
configure:12780: $? = 0
configure:12789: result: yes
configure:12798: checking for dlopen in -ldl
configure:12823: gcc -o conftest -g -O2   conftest.c -ldl   >&5
configure:12823: $? = 0
configure:12832: result: yes
configure:12843: checking for GLIB
configure:12850: $PKG_CONFIG --exists --print-errors "glib-2.0 >= 2.28"
configure:12853: $? = 0
configure:12867: $PKG_CONFIG --exists --print-errors "glib-2.0 >= 2.28"
configure:12870: $? = 0
configure:12908: result: yes
configure:12996: checking for DBUS
configure:13003: $PKG_CONFIG --exists --print-errors "dbus-1 >= 1.4"
configure:13006: $? = 0
configure:13020: $PKG_CONFIG --exists --print-errors "dbus-1 >= 1.4"
configure:13023: $? = 0
configure:13061: result: yes
configure:13075: checking D-Bus configuration directory
configure:13081: result: /etc
configure:13094: checking D-Bus system bus services dir
configure:13100: result: /usr/share/dbus-1/system-services
configure:13113: checking D-Bus session bus services dir
configure:13119: result: /usr/share/dbus-1/services
configure:13189: checking for UDEV
configure:13196: $PKG_CONFIG --exists --print-errors "libudev >= 143"
configure:13199: $? = 0
configure:13213: $PKG_CONFIG --exists --print-errors "libudev >= 143"
configure:13216: $? = 0
configure:13254: result: yes
configure:13260: checking for udev_hwdb_new in -ludev
configure:13285: gcc -o conftest -g -O2   conftest.c -ludev   >&5
/tmp/ccAeq1RJ.o: In function `main':
/root/bluez/bluez-5.11/conftest.c:40: undefined reference to `udev_hwdb_new'
collect2: ld returned 1 exit status
configure:13285: $? = 1
configure: failed program was:
| /* confdefs.h */
| #define PACKAGE_NAME "bluez"
| #define PACKAGE_TARNAME "bluez"
| #define PACKAGE_VERSION "5.11"
| #define PACKAGE_STRING "bluez 5.11"
| #define PACKAGE_BUGREPORT ""
| #define PACKAGE_URL ""
| #define PACKAGE "bluez"
| #define VERSION "5.11"
| #define STDC_HEADERS 1
| #define HAVE_SYS_TYPES_H 1
| #define HAVE_SYS_STAT_H 1
| #define HAVE_STDLIB_H 1
| #define HAVE_STRING_H 1
| #define HAVE_MEMORY_H 1
| #define HAVE_STRINGS_H 1
| #define HAVE_INTTYPES_H 1
| #define HAVE_STDINT_H 1
| #define HAVE_UNISTD_H 1
| #define __EXTENSIONS__ 1
| #define _ALL_SOURCE 1
| #define _GNU_SOURCE 1
| #define _POSIX_PTHREAD_SEMANTICS 1
| #define _TANDEM_SOURCE 1
| #define restrict __restrict
| #define HAVE_DLFCN_H 1
| #define LT_OBJDIR ".libs/"
| /* end confdefs.h.  */
| 
| /* Override any GCC internal prototype to avoid an error.
|    Use char because int might match the return type of a GCC
|    builtin and then its argument prototype would still apply.  */
| #ifdef __cplusplus
| extern "C"
| #endif
| char udev_hwdb_new ();
| int
| main ()
| {
| return udev_hwdb_new ();
|   ;
|   return 0;
| }
configure:13294: result: no
configure:13319: checking udev directory
configure:13325: result: /lib/udev
configure:13363: checking for ICAL
configure:13370: $PKG_CONFIG --exists --print-errors "libical"
configure:13373: $? = 0
configure:13387: $PKG_CONFIG --exists --print-errors "libical"
configure:13390: $? = 0
configure:13428: result: yes
configure:13461: checking readline/readline.h usability
configure:13461: gcc -c -g -O2  conftest.c >&5
configure:13461: $? = 0
configure:13461: result: yes
configure:13461: checking readline/readline.h presence
configure:13461: gcc -E  conftest.c
configure:13461: $? = 0
configure:13461: result: yes
configure:13461: checking for readline/readline.h
configure:13461: result: yes
configure:13806: creating ./config.status

## ---------------------- ##
## Running config.status. ##
## ---------------------- ##

This file was extended by bluez config.status 5.11, which was
generated by GNU Autoconf 2.69.  Invocation command line was

  CONFIG_FILES    = 
  CONFIG_HEADERS  = 
  CONFIG_LINKS    = 
  CONFIG_COMMANDS = 
  $ ./config.status 

on LunzPi

config.status:1145: creating Makefile
config.status:1145: creating src/bluetoothd.8
config.status:1145: creating lib/bluez.pc
config.status:1145: creating config.h
config.status:1374: executing depfiles commands
config.status:1374: executing libtool commands

## ---------------- ##
## Cache variables. ##
## ---------------- ##

ac_cv_build=armv7l-unknown-linux-gnueabihf
ac_cv_c_compiler_gnu=yes
ac_cv_c_restrict=__restrict
ac_cv_env_CC_set=
ac_cv_env_CC_value=
ac_cv_env_CFLAGS_set=
ac_cv_env_CFLAGS_value=
ac_cv_env_CPPFLAGS_set=
ac_cv_env_CPPFLAGS_value=
ac_cv_env_CPP_set=
ac_cv_env_CPP_value=
ac_cv_env_DBUS_CFLAGS_set=
ac_cv_env_DBUS_CFLAGS_value=
ac_cv_env_DBUS_LIBS_set=
ac_cv_env_DBUS_LIBS_value=
ac_cv_env_GLIB_CFLAGS_set=
ac_cv_env_GLIB_CFLAGS_value=
ac_cv_env_GLIB_LIBS_set=
ac_cv_env_GLIB_LIBS_value=
ac_cv_env_GTHREAD_CFLAGS_set=
ac_cv_env_GTHREAD_CFLAGS_value=
ac_cv_env_GTHREAD_LIBS_set=
ac_cv_env_GTHREAD_LIBS_value=
ac_cv_env_ICAL_CFLAGS_set=
ac_cv_env_ICAL_CFLAGS_value=
ac_cv_env_ICAL_LIBS_set=
ac_cv_env_ICAL_LIBS_value=
ac_cv_env_LDFLAGS_set=
ac_cv_env_LDFLAGS_value=
ac_cv_env_LIBS_set=
ac_cv_env_LIBS_value=
ac_cv_env_PKG_CONFIG_LIBDIR_set=
ac_cv_env_PKG_CONFIG_LIBDIR_value=
ac_cv_env_PKG_CONFIG_PATH_set=
ac_cv_env_PKG_CONFIG_PATH_value=
ac_cv_env_PKG_CONFIG_set=
ac_cv_env_PKG_CONFIG_value=
ac_cv_env_UDEV_CFLAGS_set=
ac_cv_env_UDEV_CFLAGS_value=
ac_cv_env_UDEV_LIBS_set=
ac_cv_env_UDEV_LIBS_value=
ac_cv_env_build_alias_set=
ac_cv_env_build_alias_value=
ac_cv_env_host_alias_set=
ac_cv_env_host_alias_value=
ac_cv_env_target_alias_set=
ac_cv_env_target_alias_value=
ac_cv_func_signalfd=yes
ac_cv_header_dlfcn_h=yes
ac_cv_header_inttypes_h=yes
ac_cv_header_memory_h=yes
ac_cv_header_minix_config_h=no
ac_cv_header_readline_readline_h=yes
ac_cv_header_stdc=yes
ac_cv_header_stdint_h=yes
ac_cv_header_stdlib_h=yes
ac_cv_header_string_h=yes
ac_cv_header_strings_h=yes
ac_cv_header_sys_stat_h=yes
ac_cv_header_sys_types_h=yes
ac_cv_header_unistd_h=yes
ac_cv_host=armv7l-unknown-linux-gnueabihf
ac_cv_lib_dl_dlopen=yes
ac_cv_lib_pthread_pthread_create=yes
ac_cv_lib_rt_clock_gettime=yes
ac_cv_lib_udev_udev_hwdb_new=no
ac_cv_objext=o
ac_cv_path_EGREP='/bin/grep -E'
ac_cv_path_FGREP='/bin/grep -F'
ac_cv_path_GREP=/bin/grep
ac_cv_path_SED=/bin/sed
ac_cv_path_ac_pt_PKG_CONFIG=/usr/bin/pkg-config
ac_cv_path_install='/usr/bin/install -c'
ac_cv_path_mkdir=/bin/mkdir
ac_cv_prog_AWK=mawk
ac_cv_prog_CPP='gcc -E'
ac_cv_prog_ac_ct_AR=ar
ac_cv_prog_ac_ct_CC=gcc
ac_cv_prog_ac_ct_MANIFEST_TOOL=mt
ac_cv_prog_ac_ct_OBJDUMP=objdump
ac_cv_prog_ac_ct_RANLIB=ranlib
ac_cv_prog_ac_ct_STRIP=strip
ac_cv_prog_cc_c89=
ac_cv_prog_cc_g=yes
ac_cv_prog_cc_gcc_c_o=yes
ac_cv_prog_cc_pie=yes
ac_cv_prog_make_make_set=yes
ac_cv_safe_to_define___extensions__=yes
am_cv_CC_dependencies_compiler_type=gcc3
am_cv_make_support_nested_variables=yes
am_cv_prog_tar_pax=gnutar
lt_cv_ar_at_file=@
lt_cv_archive_cmds_need_lc=no
lt_cv_deplibs_check_method=pass_all
lt_cv_file_magic_cmd='$MAGIC_CMD'
lt_cv_file_magic_test_file=
lt_cv_ld_reload_flag=-r
lt_cv_nm_interface='BSD nm'
lt_cv_objdir=.libs
lt_cv_path_LD=/usr/bin/ld
lt_cv_path_NM='/usr/bin/nm -B'
lt_cv_path_mainfest_tool=no
lt_cv_prog_compiler_c_o=yes
lt_cv_prog_compiler_pic='-fPIC -DPIC'
lt_cv_prog_compiler_pic_works=yes
lt_cv_prog_compiler_rtti_exceptions=no
lt_cv_prog_compiler_static_works=yes
lt_cv_prog_gnu_ld=yes
lt_cv_sharedlib_from_linklib_cmd='printf %s\n'
lt_cv_shlibpath_overrides_runpath=no
lt_cv_sys_global_symbol_pipe='sed -n -e '\''s/^.*[	 ]\([ABCDGIRSTW][ABCDGIRSTW]*\)[	 ][	 ]*\([_A-Za-z][_A-Za-z0-9]*\)$/\1 \2 \2/p'\'' | sed '\''/ __gnu_lto/d'\'''
lt_cv_sys_global_symbol_to_c_name_address='sed -n -e '\''s/^: \([^ ]*\)[ ]*$/  {\"\1\", (void *) 0},/p'\'' -e '\''s/^[ABCDGIRSTW]* \([^ ]*\) \([^ ]*\)$/  {"\2", (void *) \&\2},/p'\'''
lt_cv_sys_global_symbol_to_c_name_address_lib_prefix='sed -n -e '\''s/^: \([^ ]*\)[ ]*$/  {\"\1\", (void *) 0},/p'\'' -e '\''s/^[ABCDGIRSTW]* \([^ ]*\) \(lib[^ ]*\)$/  {"\2", (void *) \&\2},/p'\'' -e '\''s/^[ABCDGIRSTW]* \([^ ]*\) \([^ ]*\)$/  {"lib\2", (void *) \&\2},/p'\'''
lt_cv_sys_global_symbol_to_cdecl='sed -n -e '\''s/^T .* \(.*\)$/extern int \1();/p'\'' -e '\''s/^[ABCDGIRSTW]* .* \(.*\)$/extern char \1;/p'\'''
lt_cv_sys_max_cmd_len=1572864
lt_cv_to_host_file_cmd=func_convert_file_noop
lt_cv_to_tool_file_cmd=func_convert_file_noop
pkg_cv_DBUS_CFLAGS='-I/usr/include/dbus-1.0 -I/usr/lib/arm-linux-gnueabihf/dbus-1.0/include  '
pkg_cv_DBUS_LIBS='-ldbus-1  '
pkg_cv_GLIB_CFLAGS='-I/usr/include/glib-2.0 -I/usr/lib/arm-linux-gnueabihf/glib-2.0/include  '
pkg_cv_GLIB_LIBS='-lglib-2.0  '
pkg_cv_ICAL_CFLAGS=' '
pkg_cv_ICAL_LIBS='-lical -licalss -licalvcal -lpthread  '
pkg_cv_UDEV_CFLAGS=' '
pkg_cv_UDEV_LIBS='-ludev  '

## ----------------- ##
## Output variables. ##
## ----------------- ##

ACLOCAL='${SHELL} /root/bluez/bluez-5.11/missing --run aclocal-1.11'
AMDEPBACKSLASH='\'
AMDEP_FALSE='#'
AMDEP_TRUE=''
AMTAR='$${TAR-tar}'
AM_BACKSLASH='\'
AM_DEFAULT_V='$(AM_DEFAULT_VERBOSITY)'
AM_DEFAULT_VERBOSITY='0'
AM_V='$(V)'
ANDROID_FALSE=''
ANDROID_TRUE='#'
AR='ar'
AUTOCONF='${SHELL} /root/bluez/bluez-5.11/missing --run autoconf'
AUTOHEADER='${SHELL} /root/bluez/bluez-5.11/missing --run autoheader'
AUTOMAKE='${SHELL} /root/bluez/bluez-5.11/missing --run automake-1.11'
AWK='mawk'
CC='gcc'
CCDEPMODE='depmode=gcc3'
CFLAGS='-g -O2'
CLIENT_FALSE='#'
CLIENT_TRUE=''
CONFIGDIR='/usr/local/etc/bluetooth'
CPP='gcc -E'
CPPFLAGS=''
CUPS_FALSE='#'
CUPS_TRUE=''
CYGPATH_W='echo'
DATAFILES_FALSE='#'
DATAFILES_TRUE=''
DBUS_CFLAGS='-I/usr/include/dbus-1.0 -I/usr/lib/arm-linux-gnueabihf/dbus-1.0/include  '
DBUS_CONFDIR='/etc'
DBUS_LIBS='-ldbus-1  '
DBUS_SESSIONBUSDIR='/usr/share/dbus-1/services'
DBUS_SYSTEMBUSDIR='/usr/share/dbus-1/system-services'
DEFS='-DHAVE_CONFIG_H'
DEPDIR='.deps'
DLLTOOL='false'
DSYMUTIL=''
DUMPBIN=''
ECHO_C=''
ECHO_N='-n'
ECHO_T=''
EGREP='/bin/grep -E'
EXEEXT=''
EXPERIMENTAL_FALSE=''
EXPERIMENTAL_TRUE='#'
FGREP='/bin/grep -F'
GLIB_CFLAGS='-I/usr/include/glib-2.0 -I/usr/lib/arm-linux-gnueabihf/glib-2.0/include  '
GLIB_LIBS='-lglib-2.0  '
GREP='/bin/grep'
GTHREAD_CFLAGS=''
GTHREAD_LIBS=''
HID2HCI_FALSE='#'
HID2HCI_TRUE=''
ICAL_CFLAGS=' '
ICAL_LIBS='-lical -licalss -licalvcal -lpthread  '
INSTALL_DATA='${INSTALL} -m 644'
INSTALL_PROGRAM='${INSTALL}'
INSTALL_SCRIPT='${INSTALL}'
INSTALL_STRIP_PROGRAM='$(install_sh) -c -s'
LD='/usr/bin/ld'
LDFLAGS=''
LIBOBJS=''
LIBRARY_FALSE=''
LIBRARY_TRUE='#'
LIBS=''
LIBTOOL='$(SHELL) $(top_builddir)/libtool'
LIPO=''
LN_S='ln -s'
LTLIBOBJS=''
MAINT='#'
MAINTAINER_MODE_FALSE=''
MAINTAINER_MODE_TRUE='#'
MAKEINFO='${SHELL} /root/bluez/bluez-5.11/missing --run makeinfo'
MANIFEST_TOOL=':'
MISC_CFLAGS=''
MISC_LDFLAGS=''
MKDIR_P='/bin/mkdir -p'
MONITOR_FALSE='#'
MONITOR_TRUE=''
NM='/usr/bin/nm -B'
NMEDIT=''
OBEX_FALSE='#'
OBEX_TRUE=''
OBJDUMP='objdump'
OBJEXT='o'
OTOOL64=''
OTOOL=''
PACKAGE='bluez'
PACKAGE_BUGREPORT=''
PACKAGE_NAME='bluez'
PACKAGE_STRING='bluez 5.11'
PACKAGE_TARNAME='bluez'
PACKAGE_URL=''
PACKAGE_VERSION='5.11'
PATH_SEPARATOR=':'
PKG_CONFIG='/usr/bin/pkg-config'
PKG_CONFIG_LIBDIR=''
PKG_CONFIG_PATH=''
RANLIB='ranlib'
READLINE_FALSE='#'
READLINE_TRUE=''
SED='/bin/sed'
SET_MAKE=''
SHELL='/bin/bash'
STRIP='strip'
SYSTEMD_FALSE=''
SYSTEMD_SYSTEMUNITDIR=''
SYSTEMD_TRUE='#'
SYSTEMD_USERUNITDIR=''
TEST_FALSE=''
TEST_TRUE='#'
TOOLS_FALSE='#'
TOOLS_TRUE=''
UDEV_CFLAGS=' '
UDEV_DIR='/lib/udev'
UDEV_FALSE='#'
UDEV_LIBS='-ludev  '
UDEV_TRUE=''
VERSION='5.11'
WARNING_CFLAGS=''
ac_ct_AR='ar'
ac_ct_CC='gcc'
ac_ct_DUMPBIN=''
am__EXEEXT_FALSE=''
am__EXEEXT_TRUE='#'
am__fastdepCC_FALSE='#'
am__fastdepCC_TRUE=''
am__include='include'
am__isrc=''
am__leading_dot='.'
am__nodep='_no'
am__quote=''
am__tar='tar --format=posix -chf - "$$tardir"'
am__untar='tar -xf -'
bindir='${exec_prefix}/bin'
build='armv7l-unknown-linux-gnueabihf'
build_alias=''
build_cpu='armv7l'
build_os='linux-gnueabihf'
build_vendor='unknown'
datadir='${datarootdir}'
datarootdir='${prefix}/share'
docdir='${datarootdir}/doc/${PACKAGE_TARNAME}'
dvidir='${docdir}'
exec_prefix='${prefix}'
host='armv7l-unknown-linux-gnueabihf'
host_alias=''
host_cpu='armv7l'
host_os='linux-gnueabihf'
host_vendor='unknown'
htmldir='${docdir}'
includedir='${prefix}/include'
infodir='${datarootdir}/info'
install_sh='${SHELL} /root/bluez/bluez-5.11/install-sh'
libdir='${exec_prefix}/lib'
libexecdir='${exec_prefix}/libexec'
localedir='${datarootdir}/locale'
localstatedir='/var'
mandir='${datarootdir}/man'
mkdir_p='/bin/mkdir -p'
oldincludedir='/usr/include'
pdfdir='${docdir}'
prefix='/usr/local'
program_transform_name='s,x,x,'
psdir='${docdir}'
sbindir='${exec_prefix}/sbin'
sharedstatedir='${prefix}/com'
sysconfdir='${prefix}/etc'
target_alias=''

## ----------- ##
## confdefs.h. ##
## ----------- ##

/* confdefs.h */
#define PACKAGE_NAME "bluez"
#define PACKAGE_TARNAME "bluez"
#define PACKAGE_VERSION "5.11"
#define PACKAGE_STRING "bluez 5.11"
#define PACKAGE_BUGREPORT ""
#define PACKAGE_URL ""
#define PACKAGE "bluez"
#define VERSION "5.11"
#define STDC_HEADERS 1
#define HAVE_SYS_TYPES_H 1
#define HAVE_SYS_STAT_H 1
#define HAVE_STDLIB_H 1
#define HAVE_STRING_H 1
#define HAVE_MEMORY_H 1
#define HAVE_STRINGS_H 1
#define HAVE_INTTYPES_H 1
#define HAVE_STDINT_H 1
#define HAVE_UNISTD_H 1
#define __EXTENSIONS__ 1
#define _ALL_SOURCE 1
#define _GNU_SOURCE 1
#define _POSIX_PTHREAD_SEMANTICS 1
#define _TANDEM_SOURCE 1
#define restrict __restrict
#define HAVE_DLFCN_H 1
#define LT_OBJDIR ".libs/"
#define HAVE_READLINE_READLINE_H 1
#define STORAGEDIR "/var/lib/bluetooth"
#define CONFIGDIR "/usr/local/etc/bluetooth"

configure: exit 0
